<?xml version="1.0" encoding="UTF-8"?>
<testsuite xmlns:xsi="http://www.w3.org/2001/XMLSchema-instance" xsi:noNamespaceSchemaLocation="https://maven.apache.org/surefire/maven-surefire-plugin/xsd/surefire-test-report.xsd" name="bizmatesph.AppTest" time="0.06" tests="1" errors="0" skipped="0" failures="0">
  <properties>
    <property name="java.specification.version" value="21"/>
    <property name="sun.cpu.isalist" value="amd64"/>
    <property name="sun.jnu.encoding" value="Cp1252"/>
    <property name="java.class.path" value="c:\Users\Roi Mark Gamba\Documents\Udemy Tutorials\Java Selenium Project\bizmatesph\target\test-classes;c:\Users\Roi Mark Gamba\Documents\Udemy Tutorials\Java Selenium Project\bizmatesph\target\classes;C:\Users\Roi Mark Gamba\.m2\repository\junit\junit\4.11\junit-4.11.jar;C:\Users\Roi Mark Gamba\.m2\repository\org\hamcrest\hamcrest-core\1.3\hamcrest-core-1.3.jar;"/>
    <property name="java.vm.vendor" value="Oracle Corporation"/>
    <property name="sun.arch.data.model" value="64"/>
    <property name="user.variant" value=""/>
    <property name="java.vendor.url" value="https://java.oracle.com/"/>
    <property name="user.timezone" value="Asia/Shanghai"/>
    <property name="os.name" value="Windows 11"/>
    <property name="java.vm.specification.version" value="21"/>
    <property name="sun.java.launcher" value="SUN_STANDARD"/>
    <property name="user.country" value="US"/>
    <property name="sun.boot.library.path" value="C:\Users\Roi Mark Gamba\Documents\Udemy Tutorials\Java Selenium Project\Resources\jdk-21.0.2\bin"/>
    <property name="sun.java.command" value="C:\Users\ROIMAR~1\AppData\Local\Temp\surefire10811570267757116521\surefirebooter1721915927178697822.jar C:\Users\Roi Mark Gamba\AppData\Local\Temp\surefire10811570267757116521 2024-03-19T20-33-54_660-jvmRun1 surefire12244714760072238059tmp surefire_0329262764746065151tmp"/>
    <property name="jdk.debug" value="release"/>
    <property name="surefire.test.class.path" value="c:\Users\Roi Mark Gamba\Documents\Udemy Tutorials\Java Selenium Project\bizmatesph\target\test-classes;c:\Users\Roi Mark Gamba\Documents\Udemy Tutorials\Java Selenium Project\bizmatesph\target\classes;C:\Users\Roi Mark Gamba\.m2\repository\junit\junit\4.11\junit-4.11.jar;C:\Users\Roi Mark Gamba\.m2\repository\org\hamcrest\hamcrest-core\1.3\hamcrest-core-1.3.jar;"/>
    <property name="sun.cpu.endian" value="little"/>
    <property name="user.home" value="C:\Users\Roi Mark Gamba"/>
    <property name="user.language" value="en"/>
    <property name="java.specification.vendor" value="Oracle Corporation"/>
    <property name="java.version.date" value="2024-01-16"/>
    <property name="java.home" value="C:\Users\Roi Mark Gamba\Documents\Udemy Tutorials\Java Selenium Project\Resources\jdk-21.0.2"/>
    <property name="file.separator" value="\"/>
    <property name="basedir" value="c:\Users\Roi Mark Gamba\Documents\Udemy Tutorials\Java Selenium Project\bizmatesph"/>
    <property name="java.vm.compressedOopsMode" value="32-bit"/>
    <property name="line.separator" value="&#10;"/>
    <property name="java.vm.specification.vendor" value="Oracle Corporation"/>
    <property name="java.specification.name" value="Java Platform API Specification"/>
    <property name="surefire.real.class.path" value="C:\Users\ROIMAR~1\AppData\Local\Temp\surefire10811570267757116521\surefirebooter1721915927178697822.jar"/>
    <property name="user.script" value=""/>
    <property name="sun.management.compiler" value="HotSpot 64-Bit Tiered Compilers"/>
    <property name="java.runtime.version" value="21.0.2+13-58"/>
    <property name="user.name" value="Roi Mark Gamba"/>
    <property name="stdout.encoding" value="Cp1252"/>
    <property name="path.separator" value=";"/>
    <property name="os.version" value="10.0"/>
    <property name="java.runtime.name" value="OpenJDK Runtime Environment"/>
    <property name="file.encoding" value="UTF-8"/>
    <property name="java.vm.name" value="OpenJDK 64-Bit Server VM"/>
    <property name="localRepository" value="C:\Users\Roi Mark Gamba\.m2\repository"/>
    <property name="java.vendor.url.bug" value="https://bugreport.java.com/bugreport/"/>
    <property name="java.io.tmpdir" value="C:\Users\ROIMAR~1\AppData\Local\Temp\"/>
    <property name="java.version" value="21.0.2"/>
    <property name="user.dir" value="c:\Users\Roi Mark Gamba\Documents\Udemy Tutorials\Java Selenium Project\bizmatesph"/>
    <property name="os.arch" value="amd64"/>
    <property name="java.vm.specification.name" value="Java Virtual Machine Specification"/>
    <property name="sun.os.patch.level" value=""/>
    <property name="native.encoding" value="Cp1252"/>
    <property name="java.library.path" value="C:\Users\Roi Mark Gamba\Documents\Udemy Tutorials\Java Selenium Project\Resources\jdk-21.0.2\bin;C:\WINDOWS\Sun\Java\bin;C:\WINDOWS\system32;C:\WINDOWS;C:\laragon\bin;C:\laragon\bin\apache\httpd-2.4.54-win64-VS16\bin;C:\laragon\bin\composer;C:\laragon\bin\git\bin;C:\laragon\bin\git\cmd;C:\laragon\bin\git\mingw64\bin;C:\laragon\bin\git\usr\bin;C:\laragon\bin\laragon\utils;C:\laragon\bin\mysql\mysql-8.0.30-winx64\bin;C:\laragon\bin\nginx\nginx-1.22.0;C:\laragon\bin\ngrok;C:\laragon\bin\nodejs\node-v18;C:\laragon\bin\notepad++;C:\laragon\bin\php\php-8.1.10-Win32-vs16-x64;C:\laragon\bin\python\python-3.10;C:\laragon\bin\python\python-3.10\Scripts;C:\laragon\bin\redis\redis-x64-5.0.14.1;C:\laragon\bin\telnet;C:\laragon\usr\bin;C:\Users\Roi Mark Gamba\AppData\Local\Yarn\config\global\node_modules\.bin;C:\Users\Roi Mark Gamba\AppData\Roaming\Composer\vendor\bin;C:\Users\Roi Mark Gamba\AppData\Roaming\npm;;."/>
    <property name="java.vm.info" value="mixed mode, sharing"/>
    <property name="stderr.encoding" value="Cp1252"/>
    <property name="java.vendor" value="Oracle Corporation"/>
    <property name="java.vm.version" value="21.0.2+13-58"/>
    <property name="sun.io.unicode.encoding" value="UnicodeLittle"/>
    <property name="java.class.version" value="65.0"/>
  </properties>
  <testcase name="shouldAnswerWithTrue" classname="bizmatesph.AppTest" time="0.004"/>
</testsuite>